2019-04-23 11:04:325INFO  Hooks:33 = Chrome browser is opened
2019-04-23 11:04:741INFO  PostApiBooks:34 = {

"name":"Learn Selenium Automation with Java",
"isbn":"aaa",
"aisle":"01",
"author":"John Doe",
"id":"aaa01"
}

2019-04-23 11:04:926INFO  PostApiBooks:42 = Created
2019-04-23 11:04:926INFO  PostApiBooks:43 = true
2019-04-23 11:04:623INFO  Hooks:61 = Remove browser
2019-04-23 11:04:148INFO  Hooks:33 = Chrome browser is opened
2019-04-23 11:04:148INFO  PostApiBooks:34 = {

"name":"Learn TestNG Automation with Java",
"isbn":"bbb",
"aisle":"02",
"author":"John Doe",
"id":"bbb02"
}

2019-04-23 11:04:289INFO  PostApiBooks:42 = Created
2019-04-23 11:04:290INFO  PostApiBooks:43 = true
2019-04-23 11:04:964INFO  Hooks:61 = Remove browser
2019-04-23 11:04:346INFO  Hooks:33 = Chrome browser is opened
2019-04-23 11:04:346INFO  PostApiBooks:34 = {

"name":"Learn Cucumber Automation with Java",
"isbn":"ccc",
"aisle":"03",
"author":"John Doe",
"id":"ccc03"
}

2019-04-23 11:04:415INFO  PostApiBooks:42 = Created
2019-04-23 11:04:415INFO  PostApiBooks:43 = true
2019-04-23 11:04:55INFO  Hooks:61 = Remove browser
2019-04-23 11:04:448INFO  Hooks:33 = Chrome browser is opened
2019-04-23 11:04:448INFO  PostApiBooks:34 = {

"name":"Learn Rest-assured Automation with Java",
"isbn":"ddd",
"aisle":"04",
"author":"John Doe",
"id":"ddd04"
}

2019-04-23 11:04:177INFO  PostApiBooks:42 = Created
2019-04-23 11:04:178INFO  PostApiBooks:43 = true
2019-04-23 11:04:839INFO  Hooks:61 = Remove browser
